<?xml version="1.0" encoding="UTF-8"?>
<!-- Generated by org.testng.reporters.JUnitReportReporter -->
<testsuite hostname="NG6189" failures="0" tests="5" name="com.artoftesting.test.SuiteArchitect" time="48.767" errors="0" timestamp="2022-12-10T21:23:30 IST" skipped="0">
  <testcase classname="com.artoftesting.test.SuiteArchitect" name="fn_Login" time="11.757"/>
  <system-out/>
  <testcase classname="com.artoftesting.test.SuiteArchitect" name="fn_DefinitionCreate" time="12.277"/>
  <system-out/>
  <testcase classname="com.artoftesting.test.SuiteArchitect" name="fn_DefinitionCreate" time="11.659"/>
  <system-out/>
  <testcase classname="com.artoftesting.test.SuiteArchitect" name="fn_DefinitionCreate" time="12.220"/>
  <system-out/>
  <testcase classname="com.artoftesting.test.SuiteArchitect" name="fn_createService" time="0.854"/>
  <system-out/>
</testsuite> <!-- com.artoftesting.test.SuiteArchitect -->
