<?xml version="1.0" encoding="UTF-8"?>
<!-- Generated by org.testng.reporters.JUnitReportReporter -->
<testsuite hostname="NG6189" failures="0" tests="4" name="com.artoftesting.test.SuiteArchitect" time="32.334" errors="0" timestamp="2022-12-02T09:44:04 IST" skipped="0">
  <testcase classname="com.artoftesting.test.SuiteArchitect" name="fn_Login" time="8.275"/>
  <system-out/>
  <testcase classname="com.artoftesting.test.SuiteArchitect" name="fn_DefinitionCreate" time="11.309"/>
  <system-out/>
  <testcase classname="com.artoftesting.test.SuiteArchitect" name="fn_DefinitionCreate" time="11.869"/>
  <system-out/>
  <testcase classname="com.artoftesting.test.SuiteArchitect" name="fn_createService" time="0.881"/>
  <system-out/>
</testsuite> <!-- com.artoftesting.test.SuiteArchitect -->
